----------------------------------------------------------------
Thu Aug 06 14:10:20 IST 2020:
Booting Derby version The Apache Software Foundation - Apache Derby - 10.14.2.0 - (1828579): instance a816c00e-0173-c2ed-9d3e-00000b674c50 
on database directory memory:C:\workspace2\TicketBookingManagementApp\ca58fe24-7933-42b2-8bf9-35bb820f6be3 with class loader sun.misc.Launcher$AppClassLoader@73d16e93 
Loaded from file:/C:/Users/admin/.m2/repository/org/apache/derby/derby/10.14.2.0/derby-10.14.2.0.jar
java.vendor=Oracle Corporation
java.runtime.version=1.8.0_251-b08
user.dir=C:\workspace2\TicketBookingManagementApp
os.name=Windows 10
os.arch=amd64
os.version=10.0
derby.system.home=null
Database Class Loader started - derby.database.classpath=''
----------------------------------------------------------------
Thu Aug 06 14:12:55 IST 2020:
Shutting down instance a816c00e-0173-c2ed-9d3e-00000b674c50 on database directory memory:C:\workspace2\TicketBookingManagementApp\ca58fe24-7933-42b2-8bf9-35bb820f6be3 with class loader sun.misc.Launcher$AppClassLoader@73d16e93 
----------------------------------------------------------------
Thu Aug 06 14:12:57 IST 2020:
Booting Derby version The Apache Software Foundation - Apache Derby - 10.14.2.0 - (1828579): instance 13a100c9-0173-c2ed-9d3e-00000b674c50 
on database directory memory:C:\workspace2\TicketBookingManagementApp\04ff1506-7606-4d22-94ec-c5438dd88caa with class loader sun.misc.Launcher$AppClassLoader@73d16e93 
Loaded from file:/C:/Users/admin/.m2/repository/org/apache/derby/derby/10.14.2.0/derby-10.14.2.0.jar
java.vendor=Oracle Corporation
java.runtime.version=1.8.0_251-b08
user.dir=C:\workspace2\TicketBookingManagementApp
os.name=Windows 10
os.arch=amd64
os.version=10.0
derby.system.home=null
Database Class Loader started - derby.database.classpath=''
----------------------------------------------------------------
Thu Aug 06 14:13:03 IST 2020:
Shutting down instance 13a100c9-0173-c2ed-9d3e-00000b674c50 on database directory memory:C:\workspace2\TicketBookingManagementApp\04ff1506-7606-4d22-94ec-c5438dd88caa with class loader sun.misc.Launcher$AppClassLoader@73d16e93 
----------------------------------------------------------------
Thu Aug 06 14:13:05 IST 2020:
Booting Derby version The Apache Software Foundation - Apache Derby - 10.14.2.0 - (1828579): instance 21518184-0173-c2ed-9d3e-00000b674c50 
on database directory memory:C:\workspace2\TicketBookingManagementApp\78d76dd5-56bb-42a1-bbd4-ee5d2691f09a with class loader sun.misc.Launcher$AppClassLoader@73d16e93 
Loaded from file:/C:/Users/admin/.m2/repository/org/apache/derby/derby/10.14.2.0/derby-10.14.2.0.jar
java.vendor=Oracle Corporation
java.runtime.version=1.8.0_251-b08
user.dir=C:\workspace2\TicketBookingManagementApp
os.name=Windows 10
os.arch=amd64
os.version=10.0
derby.system.home=null
Database Class Loader started - derby.database.classpath=''
